<?xml version="1.0" encoding="UTF-8"?>
<!-- Generated by org.testng.reporters.JUnitXMLReporter -->
<testsuite hostname="DESKTOP-VL46Q6V" ignored="0" name="HybridFrameWorkSuiteDDTest" tests="2" failures="0" timestamp="2022-03-30T07:47:43 IST" time="0.131" errors="0">
  <testcase name="@BeforeSuite setup" time="0.016" classname="com.qa.linkedin.base.TestBase">
    <failure type="java.lang.NullPointerException">
      <![CDATA[java.lang.NullPointerException
at com.qa.linkedin.base.TestBase.setup(TestBase.java:52)
... Removed 19 stack frames]]>
    </failure>
  </testcase> <!-- @BeforeSuite setup -->
  <testcase name="@BeforeClass initializeObjects" time="0.0" classname="com.qa.linkedin.testcases.SearchDataDrivenTest">
    <skipped/>
  </testcase> <!-- @BeforeClass initializeObjects -->
  <testcase name="@AfterClass logoutTest" time="0.0" classname="com.qa.linkedin.testcases.SearchDataDrivenTest">
    <skipped/>
  </testcase> <!-- @AfterClass logoutTest -->
  <testcase name="doLoginTest" time="0.001" classname="com.qa.linkedin.testcases.SearchDataDrivenTest">
    <skipped/>
  </testcase> <!-- doLoginTest -->
  <testcase name="searchPeopleTest" time="0.0" classname="com.qa.linkedin.testcases.SearchDataDrivenTest">
    <skipped/>
  </testcase> <!-- searchPeopleTest -->
</testsuite> <!-- HybridFrameWorkSuiteDDTest -->
