<?xml version="1.0" encoding="UTF-8"?>
<!-- Generated by org.testng.reporters.JUnitXMLReporter -->
<testsuite hostname="DESKTOP-VL46Q6V" ignored="0" name="Default test" tests="2" failures="0" timestamp="2022-04-01T07:30:45 IST" time="20.709" errors="0">
  <testcase name="doLoginTest" time="18.708" classname="com.qa.linkedin.testcases.SearchDataDrivenTest"/>
  <testcase name="searchPeopleTest" time="0.0" classname="com.qa.linkedin.testcases.SearchDataDrivenTest">
    <skipped/>
  </testcase> <!-- searchPeopleTest -->
</testsuite> <!-- Default test -->
