<?xml version="1.0" encoding="UTF-8"?>
<!-- Generated by org.testng.reporters.JUnitXMLReporter -->
<testsuite hostname="DESKTOP-VL46Q6V" ignored="0" name="LinkedinTest" tests="2" failures="0" timestamp="2022-03-31T12:01:57 IST" time="44.434" errors="0">
  <testcase name="doLoginTest" time="37.609" classname="com.qa.linkedin.testcases.SearchDataDrivenTest"/>
  <testcase name="searchPeopleTest" time="0.0" classname="com.qa.linkedin.testcases.SearchDataDrivenTest">
    <skipped/>
  </testcase> <!-- searchPeopleTest -->
</testsuite> <!-- LinkedinTest -->
