<?xml version="1.0" encoding="UTF-8"?>
<testng-results skipped="1" failed="0" ignored="0" total="2" passed="1">
  <reporter-output>
  </reporter-output>
  <suite name="Default suite" duration-ms="20709" started-at="2022-04-01T07:30:25 IST" finished-at="2022-04-01T07:30:45 IST">
    <groups>
    </groups>
    <test name="Default test" duration-ms="20709" started-at="2022-04-01T07:30:25 IST" finished-at="2022-04-01T07:30:45 IST">
      <class name="com.qa.linkedin.testcases.SearchDataDrivenTest">
        <test-method status="PASS" signature="setup()[pri:0, instance:com.qa.linkedin.testcases.SearchDataDrivenTest@19dc67c2]" name="setup" is-config="true" duration-ms="15226" started-at="2022-04-01T07:30:10 IST" finished-at="2022-04-01T07:30:25 IST">
          <reporter-output>
          </reporter-output>
        </test-method> <!-- setup -->
        <test-method status="PASS" signature="initializeObjects()[pri:0, instance:com.qa.linkedin.testcases.SearchDataDrivenTest@19dc67c2]" name="initializeObjects" is-config="true" duration-ms="193" started-at="2022-04-01T07:30:25 IST" finished-at="2022-04-01T07:30:25 IST">
          <reporter-output>
          </reporter-output>
        </test-method> <!-- initializeObjects -->
        <test-method status="PASS" signature="doLoginTest()[pri:1, instance:com.qa.linkedin.testcases.SearchDataDrivenTest@19dc67c2]" name="doLoginTest" duration-ms="18708" started-at="2022-04-01T07:30:25 IST" finished-at="2022-04-01T07:30:44 IST">
          <reporter-output>
          </reporter-output>
        </test-method> <!-- doLoginTest -->
        <test-method status="SKIP" signature="searchPeopleTest(java.lang.String)[pri:2, instance:com.qa.linkedin.testcases.SearchDataDrivenTest@19dc67c2]" name="searchPeopleTest" duration-ms="0" started-at="2022-04-01T07:30:44 IST" data-provider="dp" finished-at="2022-04-01T07:30:44 IST">
          <exception class="java.lang.RuntimeException">
            <message>
              <![CDATA[java.lang.NoClassDefFoundError: Could not initialize class org.apache.logging.log4j.core.LoggerContext]]>
            </message>
            <full-stacktrace>
              <![CDATA[java.lang.RuntimeException: java.lang.NoClassDefFoundError: Could not initialize class org.apache.logging.log4j.core.LoggerContext
at org.testng.internal.invokers.MethodInvocationHelper.invokeMethodNoCheckedException(MethodInvocationHelper.java:53)
at org.testng.internal.invokers.MethodInvocationHelper.invokeDataProvider(MethodInvocationHelper.java:153)
at org.testng.internal.Parameters.handleParameters(Parameters.java:767)
at org.testng.internal.Parameters.handleParameters(Parameters.java:704)
at org.testng.internal.invokers.ParameterHandler.handleParameters(ParameterHandler.java:70)
at org.testng.internal.invokers.ParameterHandler.createParameters(ParameterHandler.java:49)
at org.testng.internal.invokers.TestInvoker$MethodInvocationAgent.invoke(TestInvoker.java:904)
at org.testng.internal.invokers.TestInvoker.invokeTestMethods(TestInvoker.java:193)
at org.testng.internal.invokers.TestMethodWorker.invokeTestMethods(TestMethodWorker.java:146)
at org.testng.internal.invokers.TestMethodWorker.run(TestMethodWorker.java:128)
at java.util.ArrayList.forEach(Unknown Source)
at org.testng.TestRunner.privateRun(TestRunner.java:808)
at org.testng.TestRunner.run(TestRunner.java:603)
at org.testng.SuiteRunner.runTest(SuiteRunner.java:429)
at org.testng.SuiteRunner.runSequentially(SuiteRunner.java:423)
at org.testng.SuiteRunner.privateRun(SuiteRunner.java:383)
at org.testng.SuiteRunner.run(SuiteRunner.java:326)
at org.testng.SuiteRunnerWorker.runSuite(SuiteRunnerWorker.java:52)
at org.testng.SuiteRunnerWorker.run(SuiteRunnerWorker.java:95)
at org.testng.TestNG.runSuitesSequentially(TestNG.java:1249)
at org.testng.TestNG.runSuitesLocally(TestNG.java:1169)
at org.testng.TestNG.runSuites(TestNG.java:1092)
at org.testng.TestNG.run(TestNG.java:1060)
at org.testng.remote.AbstractRemoteTestNG.run(AbstractRemoteTestNG.java:115)
at org.testng.remote.RemoteTestNG.initAndRun(RemoteTestNG.java:251)
at org.testng.remote.RemoteTestNG.main(RemoteTestNG.java:77)
Caused by: java.lang.NoClassDefFoundError: Could not initialize class org.apache.logging.log4j.core.LoggerContext
at org.apache.logging.log4j.core.selector.ClassLoaderContextSelector.createContext(ClassLoaderContextSelector.java:254)
at org.apache.logging.log4j.core.selector.ClassLoaderContextSelector.locateContext(ClassLoaderContextSelector.java:218)
at org.apache.logging.log4j.core.selector.ClassLoaderContextSelector.getContext(ClassLoaderContextSelector.java:136)
at org.apache.logging.log4j.core.selector.ClassLoaderContextSelector.getContext(ClassLoaderContextSelector.java:123)
at org.apache.logging.log4j.core.selector.ClassLoaderContextSelector.getContext(ClassLoaderContextSelector.java:117)
at org.apache.logging.log4j.core.impl.Log4jContextFactory.getContext(Log4jContextFactory.java:150)
at org.apache.logging.log4j.core.impl.Log4jContextFactory.getContext(Log4jContextFactory.java:47)
at org.apache.logging.log4j.LogManager.getContext(LogManager.java:196)
at org.apache.logging.log4j.LogManager.getLogger(LogManager.java:599)
at org.apache.poi.ooxml.POIXMLDocumentPart.<clinit>(POIXMLDocumentPart.java:56)
at com.qa.linkedin.util.ExcelUtils.getTestData(ExcelUtils.java:37)
at com.qa.linkedin.testcases.SearchDataDrivenTest.dp(SearchDataDrivenTest.java:68)
at sun.reflect.NativeMethodAccessorImpl.invoke0(Native Method)
at sun.reflect.NativeMethodAccessorImpl.invoke(Unknown Source)
at sun.reflect.DelegatingMethodAccessorImpl.invoke(Unknown Source)
at java.lang.reflect.Method.invoke(Unknown Source)
at org.testng.internal.invokers.MethodInvocationHelper.invokeMethod(MethodInvocationHelper.java:135)
at org.testng.internal.invokers.MethodInvocationHelper.invokeMethod(MethodInvocationHelper.java:80)
at org.testng.internal.invokers.MethodInvocationHelper.invokeMethodNoCheckedException(MethodInvocationHelper.java:49)
... 25 more
]]>
            </full-stacktrace>
          </exception> <!-- java.lang.RuntimeException -->
          <reporter-output>
          </reporter-output>
        </test-method> <!-- searchPeopleTest -->
        <test-method status="PASS" signature="logoutTest()[pri:0, instance:com.qa.linkedin.testcases.SearchDataDrivenTest@19dc67c2]" name="logoutTest" is-config="true" duration-ms="1198" started-at="2022-04-01T07:30:44 IST" finished-at="2022-04-01T07:30:45 IST">
          <reporter-output>
          </reporter-output>
        </test-method> <!-- logoutTest -->
        <test-method status="PASS" signature="afterClass()[pri:0, instance:com.qa.linkedin.testcases.SearchDataDrivenTest@19dc67c2]" name="afterClass" is-config="true" duration-ms="1030" started-at="2022-04-01T07:30:46 IST" finished-at="2022-04-01T07:30:47 IST">
          <reporter-output>
          </reporter-output>
        </test-method> <!-- afterClass -->
      </class> <!-- com.qa.linkedin.testcases.SearchDataDrivenTest -->
    </test> <!-- Default test -->
  </suite> <!-- Default suite -->
</testng-results>
